d:\sheepy\littlesheepy_github\mylualearn\luaproj\obj\lua535\lua535.pdb
d:\sheepy\littlesheepy_github\mylualearn\luaproj\obj\lua535\lobject.obj
d:\sheepy\littlesheepy_github\mylualearn\luaproj\obj\lua535\loadlib.obj
d:\sheepy\littlesheepy_github\mylualearn\luaproj\obj\lua535\lmem.obj
d:\sheepy\littlesheepy_github\mylualearn\luaproj\obj\lua535\lmathlib.obj
d:\sheepy\littlesheepy_github\mylualearn\luaproj\obj\lua535\llex.obj
d:\sheepy\littlesheepy_github\mylualearn\luaproj\obj\lua535\liolib.obj
d:\sheepy\littlesheepy_github\mylualearn\luaproj\obj\lua535\linit.obj
d:\sheepy\littlesheepy_github\mylualearn\luaproj\obj\lua535\lgc.obj
d:\sheepy\littlesheepy_github\mylualearn\luaproj\obj\lua535\lfunc.obj
d:\sheepy\littlesheepy_github\mylualearn\luaproj\obj\lua535\ldump.obj
d:\sheepy\littlesheepy_github\mylualearn\luaproj\obj\lua535\ldo.obj
d:\sheepy\littlesheepy_github\mylualearn\luaproj\obj\lua535\ldebug.obj
d:\sheepy\littlesheepy_github\mylualearn\luaproj\obj\lua535\ldblib.obj
d:\sheepy\littlesheepy_github\mylualearn\luaproj\obj\lua535\lctype.obj
d:\sheepy\littlesheepy_github\mylualearn\luaproj\obj\lua535\lcorolib.obj
d:\sheepy\littlesheepy_github\mylualearn\luaproj\obj\lua535\lcode.obj
d:\sheepy\littlesheepy_github\mylualearn\luaproj\obj\lua535\lbitlib.obj
d:\sheepy\littlesheepy_github\mylualearn\luaproj\obj\lua535\lbaselib.obj
d:\sheepy\littlesheepy_github\mylualearn\luaproj\obj\lua535\lauxlib.obj
d:\sheepy\littlesheepy_github\mylualearn\luaproj\obj\lua535\lapi.obj
d:\sheepy\littlesheepy_github\mylualearn\luaproj\obj\lua535\lzio.obj
d:\sheepy\littlesheepy_github\mylualearn\luaproj\obj\lua535\lvm.obj
d:\sheepy\littlesheepy_github\mylualearn\luaproj\obj\lua535\lutf8lib.obj
d:\sheepy\littlesheepy_github\mylualearn\luaproj\obj\lua535\lundump.obj
d:\sheepy\littlesheepy_github\mylualearn\luaproj\obj\lua535\lua.obj
d:\sheepy\littlesheepy_github\mylualearn\luaproj\obj\lua535\ltm.obj
d:\sheepy\littlesheepy_github\mylualearn\luaproj\obj\lua535\ltablib.obj
d:\sheepy\littlesheepy_github\mylualearn\luaproj\obj\lua535\ltable.obj
d:\sheepy\littlesheepy_github\mylualearn\luaproj\obj\lua535\lstrlib.obj
d:\sheepy\littlesheepy_github\mylualearn\luaproj\obj\lua535\lstring.obj
d:\sheepy\littlesheepy_github\mylualearn\luaproj\obj\lua535\lstate.obj
d:\sheepy\littlesheepy_github\mylualearn\luaproj\obj\lua535\lparser.obj
d:\sheepy\littlesheepy_github\mylualearn\luaproj\obj\lua535\loslib.obj
d:\sheepy\littlesheepy_github\mylualearn\luaproj\obj\lua535\lopcodes.obj
d:\sheepy\littlesheepy_github\mylualearn\luaproj\bin\lua535.lib
d:\sheepy\littlesheepy_github\mylualearn\luaproj\obj\lua535\lua535.tlog\cl.command.1.tlog
d:\sheepy\littlesheepy_github\mylualearn\luaproj\obj\lua535\lua535.tlog\cl.read.1.tlog
d:\sheepy\littlesheepy_github\mylualearn\luaproj\obj\lua535\lua535.tlog\cl.write.1.tlog
d:\sheepy\littlesheepy_github\mylualearn\luaproj\obj\lua535\lua535.tlog\lib-link.read.1.tlog
d:\sheepy\littlesheepy_github\mylualearn\luaproj\obj\lua535\lua535.tlog\lib-link.write.1.tlog
d:\sheepy\littlesheepy_github\mylualearn\luaproj\obj\lua535\lua535.tlog\lib.command.1.tlog
