d:\sheepy\littlesheepy_github\mylualearn\luaproj\objlua535\lua535.pdb
d:\sheepy\littlesheepy_github\mylualearn\luaproj\objlua535\lobject.obj
d:\sheepy\littlesheepy_github\mylualearn\luaproj\objlua535\loadlib.obj
d:\sheepy\littlesheepy_github\mylualearn\luaproj\objlua535\lmem.obj
d:\sheepy\littlesheepy_github\mylualearn\luaproj\objlua535\lmathlib.obj
d:\sheepy\littlesheepy_github\mylualearn\luaproj\objlua535\llex.obj
d:\sheepy\littlesheepy_github\mylualearn\luaproj\objlua535\liolib.obj
d:\sheepy\littlesheepy_github\mylualearn\luaproj\objlua535\linit.obj
d:\sheepy\littlesheepy_github\mylualearn\luaproj\objlua535\lgc.obj
d:\sheepy\littlesheepy_github\mylualearn\luaproj\objlua535\lfunc.obj
d:\sheepy\littlesheepy_github\mylualearn\luaproj\objlua535\ldump.obj
d:\sheepy\littlesheepy_github\mylualearn\luaproj\objlua535\ldo.obj
d:\sheepy\littlesheepy_github\mylualearn\luaproj\objlua535\ldebug.obj
d:\sheepy\littlesheepy_github\mylualearn\luaproj\objlua535\ldblib.obj
d:\sheepy\littlesheepy_github\mylualearn\luaproj\objlua535\lctype.obj
d:\sheepy\littlesheepy_github\mylualearn\luaproj\objlua535\lcorolib.obj
d:\sheepy\littlesheepy_github\mylualearn\luaproj\objlua535\lcode.obj
d:\sheepy\littlesheepy_github\mylualearn\luaproj\objlua535\lbitlib.obj
d:\sheepy\littlesheepy_github\mylualearn\luaproj\objlua535\lbaselib.obj
d:\sheepy\littlesheepy_github\mylualearn\luaproj\objlua535\lauxlib.obj
d:\sheepy\littlesheepy_github\mylualearn\luaproj\objlua535\lapi.obj
d:\sheepy\littlesheepy_github\mylualearn\luaproj\objlua535\lzio.obj
d:\sheepy\littlesheepy_github\mylualearn\luaproj\objlua535\lvm.obj
d:\sheepy\littlesheepy_github\mylualearn\luaproj\objlua535\lutf8lib.obj
d:\sheepy\littlesheepy_github\mylualearn\luaproj\objlua535\lundump.obj
d:\sheepy\littlesheepy_github\mylualearn\luaproj\objlua535\ltm.obj
d:\sheepy\littlesheepy_github\mylualearn\luaproj\objlua535\ltablib.obj
d:\sheepy\littlesheepy_github\mylualearn\luaproj\objlua535\ltable.obj
d:\sheepy\littlesheepy_github\mylualearn\luaproj\objlua535\lstrlib.obj
d:\sheepy\littlesheepy_github\mylualearn\luaproj\objlua535\lstring.obj
d:\sheepy\littlesheepy_github\mylualearn\luaproj\objlua535\lstate.obj
d:\sheepy\littlesheepy_github\mylualearn\luaproj\objlua535\lparser.obj
d:\sheepy\littlesheepy_github\mylualearn\luaproj\objlua535\loslib.obj
d:\sheepy\littlesheepy_github\mylualearn\luaproj\objlua535\lopcodes.obj
d:\sheepy\littlesheepy_github\mylualearn\luaproj\bin\lua535.lib
d:\sheepy\littlesheepy_github\mylualearn\luaproj\objlua535\lua535.tlog\cl.command.1.tlog
d:\sheepy\littlesheepy_github\mylualearn\luaproj\objlua535\lua535.tlog\cl.read.1.tlog
d:\sheepy\littlesheepy_github\mylualearn\luaproj\objlua535\lua535.tlog\cl.write.1.tlog
d:\sheepy\littlesheepy_github\mylualearn\luaproj\objlua535\lua535.tlog\lib-link.read.1.tlog
d:\sheepy\littlesheepy_github\mylualearn\luaproj\objlua535\lua535.tlog\lib-link.write.1.tlog
d:\sheepy\littlesheepy_github\mylualearn\luaproj\objlua535\lua535.tlog\lib.command.1.tlog
